[03Apr2025 00:00:09.950] [VoiceChatPacketProcessingThread/INFO] [voicechat/]: [voicechat] Player 1f8cbd0f-e34f-3631-ad78-ab523f2938ae timed out
[03Apr2025 00:00:09.951] [VoiceChatPacketProcessingThread/INFO] [voicechat/]: [voicechat] Reconnecting player Santix15
[03Apr2025 00:00:09.952] [VoiceChatPacketProcessingThread/INFO] [voicechat/]: [voicechat] Sent secret to Santix15
[03Apr2025 00:00:10.166] [Server thread/INFO] [net.minecraft.server.players.PlayerList/]: Nacho_cgod[/127.88.251.5:54387] logged in with entity id 79154 at (-1824.5, 64.5625, -156.5)
[03Apr2025 00:00:10.171] [Server thread/INFO] [net.minecraft.server.MinecraftServer/]: Nacho_cgod joined the game
[03Apr2025 00:00:10.200] [Server thread/INFO] [Jade/]: Syncing config to Nacho_cgod (53e7374b-5e04-335c-acba-f45d6acb5e7c)
[03Apr2025 00:00:10.733] [Server thread/INFO] [voicechat/]: [voicechat] Received secret request of Nacho_cgod (18)
[03Apr2025 00:00:10.733] [Server thread/INFO] [voicechat/]: [voicechat] Sent secret to Nacho_cgod
[03Apr2025 00:00:16.418] [VoiceChatPacketProcessingThread/INFO] [voicechat/]: [voicechat] Successfully authenticated player 53e7374b-5e04-335c-acba-f45d6acb5e7c
[03Apr2025 00:00:16.577] [Server thread/INFO] [net.minecraft.server.MinecraftServer/]: <Nacho_cgod> XD
[03Apr2025 00:00:17.412] [VoiceChatPacketProcessingThread/INFO] [voicechat/]: [voicechat] Successfully validated connection of player 53e7374b-5e04-335c-acba-f45d6acb5e7c
[03Apr2025 00:00:17.413] [VoiceChatPacketProcessingThread/INFO] [voicechat/]: [voicechat] Player Nacho_cgod (53e7374b-5e04-335c-acba-f45d6acb5e7c) successfully connected to voice chat
[03Apr2025 00:00:45.902] [Server thread/INFO] [net.minecraft.server.network.ServerGamePacketListenerImpl/]: Santix15 lost connection: Timed out
[03Apr2025 00:00:45.902] [Server thread/INFO] [net.minecraft.server.MinecraftServer/]: Santix15 left the game
[03Apr2025 00:00:45.903] [Server thread/INFO] [voicechat/]: [voicechat] Disconnecting client Santix15
[03Apr2025 00:01:07.439] [Server thread/INFO] [net.minecraft.server.MinecraftServer/]: [lobo3224: Teleported Nacho_cgod to lobo3224]
[03Apr2025 00:02:16.101] [Server thread/INFO] [net.minecraft.server.MinecraftServer/]: [lobo3224: Set own game mode to Creative Mode]
[03Apr2025 00:02:35.312] [Server thread/INFO] [net.minecraft.server.MinecraftServer/]: [lobo3224: Set own game mode to Survival Mode]
[03Apr2025 00:02:49.570] [Server thread/INFO] [net.minecraft.server.players.PlayerList/]: Santix15[/127.193.11.42:55415] logged in with entity id 79977 at (-1872.2477441269436, 65.0, -191.41831756862734)
[03Apr2025 00:02:49.582] [Server thread/INFO] [net.minecraft.server.MinecraftServer/]: Santix15 joined the game
[03Apr2025 00:02:49.587] [Server thread/INFO] [Jade/]: Syncing config to Santix15 (1f8cbd0f-e34f-3631-ad78-ab523f2938ae)
[03Apr2025 00:02:50.206] [Server thread/INFO] [voicechat/]: [voicechat] Received secret request of Santix15 (18)
[03Apr2025 00:02:50.206] [Server thread/INFO] [voicechat/]: [voicechat] Sent secret to Santix15
[03Apr2025 00:02:53.051] [VoiceChatPacketProcessingThread/INFO] [voicechat/]: [voicechat] Successfully authenticated player 1f8cbd0f-e34f-3631-ad78-ab523f2938ae
[03Apr2025 00:02:54.049] [VoiceChatPacketProcessingThread/INFO] [voicechat/]: [voicechat] Successfully validated connection of player 1f8cbd0f-e34f-3631-ad78-ab523f2938ae
[03Apr2025 00:02:54.049] [VoiceChatPacketProcessingThread/INFO] [voicechat/]: [voicechat] Player Santix15 (1f8cbd0f-e34f-3631-ad78-ab523f2938ae) successfully connected to voice chat
[03Apr2025 00:03:07.218] [Server thread/INFO] [net.minecraft.server.MinecraftServer/]: lobo3224 has made the advancement [Local Brewery]
[03Apr2025 00:05:15.163] [Server thread/INFO] [net.minecraft.server.MinecraftServer/]: Nacho_cgod has made the advancement [Frosted Prison]
[03Apr2025 00:05:30.303] [Server thread/INFO] [net.minecraft.server.network.ServerGamePacketListenerImpl/]: Nacho_cgod lost connection: Disconnected
[03Apr2025 00:05:30.303] [Server thread/INFO] [net.minecraft.server.MinecraftServer/]: Nacho_cgod left the game
[03Apr2025 00:05:30.303] [Server thread/INFO] [voicechat/]: [voicechat] Disconnecting client Nacho_cgod
[03Apr2025 00:07:24.301] [Server thread/INFO] [net.minecraft.server.MinecraftServer/]: lobo3224 has made the advancement [Super Creeps]
